0 info it worked if it ends with ok
1 verbose cli [ '/Users/Maciek/.nvm/versions/io.js/v3.3.1/bin/iojs',
1 verbose cli   '/Users/Maciek/.nvm/versions/io.js/v3.3.1/bin/npm',
1 verbose cli   'publish' ]
2 info using npm@2.14.3
3 info using node@v3.3.1
4 verbose publish [ '.' ]
5 silly cache add args [ '.', null ]
6 verbose cache add spec .
7 silly cache add parsed spec Result {
7 silly cache add   raw: '.',
7 silly cache add   scope: null,
7 silly cache add   name: null,
7 silly cache add   rawSpec: '.',
7 silly cache add   spec: '/Users/Maciek/dev/hubot-flowdock-teamplayer',
7 silly cache add   type: 'directory' }
8 verbose addLocalDirectory /Users/Maciek/.npm/hubot-flowdock-teamplayer/0.7.7/package.tgz not in flight; packing
9 verbose tar pack [ '/Users/Maciek/.npm/hubot-flowdock-teamplayer/0.7.7/package.tgz',
9 verbose tar pack   '/Users/Maciek/dev/hubot-flowdock-teamplayer' ]
10 verbose tarball /Users/Maciek/.npm/hubot-flowdock-teamplayer/0.7.7/package.tgz
11 verbose folder /Users/Maciek/dev/hubot-flowdock-teamplayer
12 info prepublish hubot-flowdock-teamplayer@0.7.7
13 verbose addLocalTarball adding from inside cache /Users/Maciek/.npm/hubot-flowdock-teamplayer/0.7.7/package.tgz
14 silly cache afterAdd hubot-flowdock-teamplayer@0.7.7
15 verbose afterAdd /Users/Maciek/.npm/hubot-flowdock-teamplayer/0.7.7/package/package.json not in flight; writing
16 verbose afterAdd /Users/Maciek/.npm/hubot-flowdock-teamplayer/0.7.7/package/package.json written
17 silly publish { name: 'hubot-flowdock-teamplayer',
17 silly publish   version: '0.7.7',
17 silly publish   author: { name: 'mjurczyk' },
17 silly publish   keywords: [ 'hubot', 'flowdock-teamplayer', 'adapter' ],
17 silly publish   description: 'A Flowdock adapter for hubot with additional @team/@all capabilities',
17 silly publish   licenses:
17 silly publish    [ { type: 'MIT',
17 silly publish        url: 'http://opensource.org/licenses/mit-license.php' } ],
17 silly publish   readme: '## Original adapter\n\nSee original adapter\'s description (which applies here also) on [Flowdock adapter original repo](https://github.com/flowdock/hubot-flowdock).\n\n## Changes\n\nThis extension allows hubot to listen to @team and @all commands (not only to @hubot). Makes him so much less alienated :> !\n',
17 silly publish   readmeFilename: 'README.md',
17 silly publish   gitHead: 'b0cde53d4c9c5529373097d0f5741734b5ed911d',
17 silly publish   _id: 'hubot-flowdock-teamplayer@0.7.7',
17 silly publish   scripts: {},
17 silly publish   _shasum: 'c15672df19c00219c0f2f4c8ef353a7c793a8531',
17 silly publish   _from: '.' }
18 verbose getPublishConfig undefined
19 silly mapToRegistry name hubot-flowdock-teamplayer
20 silly mapToRegistry using default registry
21 silly mapToRegistry registry https://registry.npmjs.org/
22 silly mapToRegistry uri https://registry.npmjs.org/hubot-flowdock-teamplayer
23 verbose publish registryBase https://registry.npmjs.org/
24 silly publish uploading /Users/Maciek/.npm/hubot-flowdock-teamplayer/0.7.7/package.tgz
25 verbose request uri https://registry.npmjs.org/hubot-flowdock-teamplayer
26 verbose request sending authorization for write operation
27 info attempt registry request try #1 at 9:18:07 AM
28 verbose request using bearer token for auth
29 verbose request id ca6be20ea9a6af8f
30 http request PUT https://registry.npmjs.org/hubot-flowdock-teamplayer
31 http 403 https://registry.npmjs.org/hubot-flowdock-teamplayer
32 verbose headers { 'content-type': 'application/json',
32 verbose headers   'cache-control': 'max-age=60',
32 verbose headers   'content-length': '95',
32 verbose headers   'accept-ranges': 'bytes',
32 verbose headers   date: 'Wed, 07 Oct 2015 07:18:09 GMT',
32 verbose headers   via: '1.1 varnish',
32 verbose headers   connection: 'keep-alive',
32 verbose headers   'x-served-by': 'cache-fra1225-FRA',
32 verbose headers   'x-cache': 'MISS',
32 verbose headers   'x-cache-hits': '0',
32 verbose headers   'x-timer': 'S1444202288.720124,VS0,VE969' }
33 verbose request invalidating /Users/Maciek/.npm/registry.npmjs.org/hubot-flowdock-teamplayer on PUT
34 error publish Failed PUT 403
35 verbose stack Error: "You cannot publish over the previously published version 0.7.7." : hubot-flowdock-teamplayer
35 verbose stack     at makeError (/Users/Maciek/.nvm/versions/io.js/v3.3.1/lib/node_modules/npm/node_modules/npm-registry-client/lib/request.js:263:12)
35 verbose stack     at CachingRegistryClient.<anonymous> (/Users/Maciek/.nvm/versions/io.js/v3.3.1/lib/node_modules/npm/node_modules/npm-registry-client/lib/request.js:251:14)
35 verbose stack     at Request._callback (/Users/Maciek/.nvm/versions/io.js/v3.3.1/lib/node_modules/npm/node_modules/npm-registry-client/lib/request.js:171:14)
35 verbose stack     at Request.self.callback (/Users/Maciek/.nvm/versions/io.js/v3.3.1/lib/node_modules/npm/node_modules/request/request.js:198:22)
35 verbose stack     at emitTwo (events.js:87:13)
35 verbose stack     at Request.emit (events.js:172:7)
35 verbose stack     at Request.<anonymous> (/Users/Maciek/.nvm/versions/io.js/v3.3.1/lib/node_modules/npm/node_modules/request/request.js:1073:14)
35 verbose stack     at emitOne (events.js:82:20)
35 verbose stack     at Request.emit (events.js:169:7)
35 verbose stack     at IncomingMessage.<anonymous> (/Users/Maciek/.nvm/versions/io.js/v3.3.1/lib/node_modules/npm/node_modules/request/request.js:1019:12)
36 verbose statusCode 403
37 verbose pkgid hubot-flowdock-teamplayer
38 verbose cwd /Users/Maciek/dev/hubot-flowdock-teamplayer
39 error Darwin 14.5.0
40 error argv "/Users/Maciek/.nvm/versions/io.js/v3.3.1/bin/iojs" "/Users/Maciek/.nvm/versions/io.js/v3.3.1/bin/npm" "publish"
41 error node v3.3.1
42 error npm  v2.14.3
43 error code E403
44 error "You cannot publish over the previously published version 0.7.7." : hubot-flowdock-teamplayer
45 error If you need help, you may report this error at:
45 error     <https://github.com/npm/npm/issues>
46 verbose exit [ 1, true ]
